Determining if the function cblas_ddot exists failed with the following output:
Change Dir: /home/j/Learn/AI/FATM/dlib/CMakeFiles/CMakeTmp

Run Build Command(s):/usr/bin/gmake -f Makefile cmTC_a8179/fast && /usr/bin/gmake  -f CMakeFiles/cmTC_a8179.dir/build.make CMakeFiles/cmTC_a8179.dir/build
gmake[1]: Entering directory '/home/j/Learn/AI/FATM/dlib/CMakeFiles/CMakeTmp'
Building C object CMakeFiles/cmTC_a8179.dir/CheckFunctionExists.c.o
/usr/bin/cc   -DCHECK_FUNCTION_EXISTS=cblas_ddot -o CMakeFiles/cmTC_a8179.dir/CheckFunctionExists.c.o -c /usr/share/cmake-3.22/Modules/CheckFunctionExists.c
Linking C executable cmTC_a8179
/usr/bin/cmake -E cmake_link_script CMakeFiles/cmTC_a8179.dir/link.txt --verbose=1
/usr/bin/cc  -DCHECK_FUNCTION_EXISTS=cblas_ddot -rdynamic CMakeFiles/cmTC_a8179.dir/CheckFunctionExists.c.o -o cmTC_a8179 
/usr/bin/ld: CMakeFiles/cmTC_a8179.dir/CheckFunctionExists.c.o: in function `main':
CheckFunctionExists.c:(.text+0x14): undefined reference to `cblas_ddot'
collect2: error: ld returned 1 exit status
gmake[1]: *** [CMakeFiles/cmTC_a8179.dir/build.make:99: cmTC_a8179] Error 1
gmake[1]: Leaving directory '/home/j/Learn/AI/FATM/dlib/CMakeFiles/CMakeTmp'
gmake: *** [Makefile:127: cmTC_a8179/fast] Error 2



Determining if the function sgemm_ exists failed with the following output:
Change Dir: /home/j/Learn/AI/FATM/dlib/CMakeFiles/CMakeTmp

Run Build Command(s):/usr/bin/gmake -f Makefile cmTC_b0d64/fast && /usr/bin/gmake  -f CMakeFiles/cmTC_b0d64.dir/build.make CMakeFiles/cmTC_b0d64.dir/build
gmake[1]: Entering directory '/home/j/Learn/AI/FATM/dlib/CMakeFiles/CMakeTmp'
Building C object CMakeFiles/cmTC_b0d64.dir/CheckFunctionExists.c.o
/usr/bin/cc   -DCHECK_FUNCTION_EXISTS=sgemm_ -o CMakeFiles/cmTC_b0d64.dir/CheckFunctionExists.c.o -c /usr/share/cmake-3.22/Modules/CheckFunctionExists.c
Linking C executable cmTC_b0d64
/usr/bin/cmake -E cmake_link_script CMakeFiles/cmTC_b0d64.dir/link.txt --verbose=1
/usr/bin/cc  -DCHECK_FUNCTION_EXISTS=sgemm_ -rdynamic CMakeFiles/cmTC_b0d64.dir/CheckFunctionExists.c.o -o cmTC_b0d64 
/usr/bin/ld: CMakeFiles/cmTC_b0d64.dir/CheckFunctionExists.c.o: in function `main':
CheckFunctionExists.c:(.text+0x14): undefined reference to `sgemm_'
collect2: error: ld returned 1 exit status
gmake[1]: *** [CMakeFiles/cmTC_b0d64.dir/build.make:99: cmTC_b0d64] Error 1
gmake[1]: Leaving directory '/home/j/Learn/AI/FATM/dlib/CMakeFiles/CMakeTmp'
gmake: *** [Makefile:127: cmTC_b0d64/fast] Error 2



